{"C:\\Users\\avnip\\Desktop\\Educational_App_server\\app.js": {"path":"C:\\Users\\avnip\\Desktop\\Educational_App_server\\app.js","statementMap":{"0":{"start":{"line":1,"column":16},"end":{"line":1,"column":34}},"1":{"start":{"line":2,"column":13},"end":{"line":2,"column":28}},"2":{"start":{"line":4,"column":0},"end":{"line":4,"column":26}},"3":{"start":{"line":5,"column":18},"end":{"line":5,"column":51}},"4":{"start":{"line":6,"column":21},"end":{"line":6,"column":45}},"5":{"start":{"line":7,"column":34},"end":{"line":7,"column":77}},"6":{"start":{"line":8,"column":15},"end":{"line":8,"column":45}},"7":{"start":{"line":9,"column":19},"end":{"line":9,"column":53}},"8":{"start":{"line":10,"column":23},"end":{"line":10,"column":61}},"9":{"start":{"line":12,"column":0},"end":{"line":12,"column":12}},"10":{"start":{"line":14,"column":12},"end":{"line":14,"column":21}},"11":{"start":{"line":15,"column":0},"end":{"line":15,"column":23}},"12":{"start":{"line":16,"column":0},"end":{"line":16,"column":48}},"13":{"start":{"line":17,"column":0},"end":{"line":17,"column":24}},"14":{"start":{"line":18,"column":0},"end":{"line":18,"column":15}},"15":{"start":{"line":19,"column":0},"end":{"line":19,"column":15}},"16":{"start":{"line":21,"column":0},"end":{"line":21,"column":34}},"17":{"start":{"line":22,"column":0},"end":{"line":22,"column":43}},"18":{"start":{"line":26,"column":0},"end":{"line":28,"column":2}},"19":{"start":{"line":27,"column":4},"end":{"line":27,"column":48}},"20":{"start":{"line":33,"column":0},"end":{"line":33,"column":18}},"21":{"start":{"line":34,"column":0},"end":{"line":34,"column":22}},"22":{"start":{"line":37,"column":0},"end":{"line":37,"column":21}}},"fnMap":{"0":{"name":"(anonymous_0)","decl":{"start":{"line":26,"column":13},"end":{"line":26,"column":14}},"loc":{"start":{"line":26,"column":27},"end":{"line":28,"column":1}},"line":26}},"branchMap":{},"s":{"0":1,"1":1,"2":1,"3":1,"4":1,"5":1,"6":1,"7":1,"8":1,"9":1,"10":1,"11":1,"12":1,"13":1,"14":1,"15":1,"16":1,"17":1,"18":1,"19":0,"20":1,"21":1,"22":1},"f":{"0":0},"b":{},"_coverageSchema":"1a1c01bbd47fc00a2c39e90264f33305004495a9","hash":"a4c0343a1fc1651d577d5c7cd37ffcbfca9de296"}
,"C:\\Users\\avnip\\Desktop\\Educational_App_server\\config\\db-setup.js": {"path":"C:\\Users\\avnip\\Desktop\\Educational_App_server\\config\\db-setup.js","statementMap":{"0":{"start":{"line":1,"column":0},"end":{"line":1,"column":26}},"1":{"start":{"line":2,"column":16},"end":{"line":2,"column":36}},"2":{"start":{"line":4,"column":22},"end":{"line":4,"column":47}},"3":{"start":{"line":5,"column":15},"end":{"line":5,"column":34}},"4":{"start":{"line":7,"column":18},"end":{"line":19,"column":1}},"5":{"start":{"line":8,"column":4},"end":{"line":18,"column":5}},"6":{"start":{"line":9,"column":20},"end":{"line":13,"column":8}},"7":{"start":{"line":14,"column":8},"end":{"line":14,"column":68}},"8":{"start":{"line":16,"column":8},"end":{"line":16,"column":48}},"9":{"start":{"line":17,"column":8},"end":{"line":17,"column":23}},"10":{"start":{"line":21,"column":0},"end":{"line":21,"column":27}}},"fnMap":{"0":{"name":"(anonymous_0)","decl":{"start":{"line":7,"column":18},"end":{"line":7,"column":19}},"loc":{"start":{"line":7,"column":30},"end":{"line":19,"column":1}},"line":7}},"branchMap":{},"s":{"0":1,"1":1,"2":1,"3":1,"4":1,"5":1,"6":1,"7":1,"8":0,"9":0,"10":1},"f":{"0":1},"b":{},"_coverageSchema":"1a1c01bbd47fc00a2c39e90264f33305004495a9","hash":"349e648af39fc3f80ab8403e6bdd9a2dcfeab2de"}
,"C:\\Users\\avnip\\Desktop\\Educational_App_server\\controllers\\categoryControllers.js": {"path":"C:\\Users\\avnip\\Desktop\\Educational_App_server\\controllers\\categoryControllers.js","statementMap":{"0":{"start":{"line":1,"column":17},"end":{"line":1,"column":46}},"1":{"start":{"line":3,"column":22},"end":{"line":10,"column":1}},"2":{"start":{"line":4,"column":4},"end":{"line":9,"column":5}},"3":{"start":{"line":5,"column":27},"end":{"line":5,"column":48}},"4":{"start":{"line":6,"column":8},"end":{"line":6,"column":29}},"5":{"start":{"line":8,"column":8},"end":{"line":8,"column":52}},"6":{"start":{"line":12,"column":26},"end":{"line":22,"column":1}},"7":{"start":{"line":13,"column":4},"end":{"line":21,"column":5}},"8":{"start":{"line":14,"column":25},"end":{"line":14,"column":63}},"9":{"start":{"line":15,"column":8},"end":{"line":17,"column":9}},"10":{"start":{"line":16,"column":12},"end":{"line":16,"column":69}},"11":{"start":{"line":18,"column":8},"end":{"line":18,"column":27}},"12":{"start":{"line":20,"column":8},"end":{"line":20,"column":52}},"13":{"start":{"line":23,"column":23},"end":{"line":33,"column":1}},"14":{"start":{"line":24,"column":4},"end":{"line":32,"column":5}},"15":{"start":{"line":25,"column":23},"end":{"line":25,"column":31}},"16":{"start":{"line":28,"column":24},"end":{"line":28,"column":53}},"17":{"start":{"line":29,"column":8},"end":{"line":29,"column":38}},"18":{"start":{"line":31,"column":8},"end":{"line":31,"column":52}},"19":{"start":{"line":34,"column":23},"end":{"line":47,"column":1}},"20":{"start":{"line":35,"column":4},"end":{"line":46,"column":5}},"21":{"start":{"line":36,"column":23},"end":{"line":36,"column":31}},"22":{"start":{"line":37,"column":24},"end":{"line":37,"column":62}},"23":{"start":{"line":38,"column":7},"end":{"line":40,"column":8}},"24":{"start":{"line":39,"column":8},"end":{"line":39,"column":65}},"25":{"start":{"line":41,"column":7},"end":{"line":41,"column":26}},"26":{"start":{"line":42,"column":7},"end":{"line":42,"column":39}},"27":{"start":{"line":43,"column":7},"end":{"line":43,"column":25}},"28":{"start":{"line":45,"column":8},"end":{"line":45,"column":52}},"29":{"start":{"line":48,"column":23},"end":{"line":61,"column":1}},"30":{"start":{"line":49,"column":4},"end":{"line":60,"column":5}},"31":{"start":{"line":50,"column":25},"end":{"line":50,"column":63}},"32":{"start":{"line":51,"column":8},"end":{"line":53,"column":9}},"33":{"start":{"line":52,"column":12},"end":{"line":52,"column":70}},"34":{"start":{"line":54,"column":7},"end":{"line":54,"column":30}},"35":{"start":{"line":55,"column":7},"end":{"line":55,"column":58}},"36":{"start":{"line":59,"column":8},"end":{"line":59,"column":52}},"37":{"start":{"line":65,"column":0},"end":{"line":71,"column":4}}},"fnMap":{"0":{"name":"(anonymous_0)","decl":{"start":{"line":3,"column":22},"end":{"line":3,"column":23}},"loc":{"start":{"line":3,"column":42},"end":{"line":10,"column":1}},"line":3},"1":{"name":"(anonymous_1)","decl":{"start":{"line":12,"column":26},"end":{"line":12,"column":27}},"loc":{"start":{"line":12,"column":46},"end":{"line":22,"column":1}},"line":12},"2":{"name":"(anonymous_2)","decl":{"start":{"line":23,"column":23},"end":{"line":23,"column":24}},"loc":{"start":{"line":23,"column":43},"end":{"line":33,"column":1}},"line":23},"3":{"name":"(anonymous_3)","decl":{"start":{"line":34,"column":23},"end":{"line":34,"column":24}},"loc":{"start":{"line":34,"column":43},"end":{"line":47,"column":1}},"line":34},"4":{"name":"(anonymous_4)","decl":{"start":{"line":48,"column":23},"end":{"line":48,"column":24}},"loc":{"start":{"line":48,"column":43},"end":{"line":61,"column":1}},"line":48}},"branchMap":{"0":{"loc":{"start":{"line":15,"column":8},"end":{"line":17,"column":9}},"type":"if","locations":[{"start":{"line":15,"column":8},"end":{"line":17,"column":9}},{"start":{},"end":{}}],"line":15},"1":{"loc":{"start":{"line":38,"column":7},"end":{"line":40,"column":8}},"type":"if","locations":[{"start":{"line":38,"column":7},"end":{"line":40,"column":8}},{"start":{},"end":{}}],"line":38},"2":{"loc":{"start":{"line":51,"column":8},"end":{"line":53,"column":9}},"type":"if","locations":[{"start":{"line":51,"column":8},"end":{"line":53,"column":9}},{"start":{},"end":{}}],"line":51}},"s":{"0":1,"1":1,"2":0,"3":0,"4":0,"5":0,"6":1,"7":0,"8":0,"9":0,"10":0,"11":0,"12":0,"13":1,"14":0,"15":0,"16":0,"17":0,"18":0,"19":1,"20":0,"21":0,"22":0,"23":0,"24":0,"25":0,"26":0,"27":0,"28":0,"29":1,"30":0,"31":0,"32":0,"33":0,"34":0,"35":0,"36":0,"37":1},"f":{"0":0,"1":0,"2":0,"3":0,"4":0},"b":{"0":[0,0],"1":[0,0],"2":[0,0]},"_coverageSchema":"1a1c01bbd47fc00a2c39e90264f33305004495a9","hash":"f54cfbc204bd3b97a17a91e829c30a215d3f95fb"}
,"C:\\Users\\avnip\\Desktop\\Educational_App_server\\controllers\\userControllers.js": {"path":"C:\\Users\\avnip\\Desktop\\Educational_App_server\\controllers\\userControllers.js","statementMap":{"0":{"start":{"line":1,"column":21},"end":{"line":1,"column":54}},"1":{"start":{"line":2,"column":13},"end":{"line":2,"column":48}},"2":{"start":{"line":3,"column":22},"end":{"line":3,"column":59}},"3":{"start":{"line":8,"column":17},"end":{"line":25,"column":2}},"4":{"start":{"line":9,"column":30},"end":{"line":9,"column":38}},"5":{"start":{"line":11,"column":15},"end":{"line":11,"column":44}},"6":{"start":{"line":13,"column":2},"end":{"line":24,"column":3}},"7":{"start":{"line":14,"column":4},"end":{"line":14,"column":33}},"8":{"start":{"line":16,"column":4},"end":{"line":20,"column":7}},"9":{"start":{"line":22,"column":4},"end":{"line":22,"column":20}},"10":{"start":{"line":23,"column":4},"end":{"line":23,"column":49}},"11":{"start":{"line":30,"column":21},"end":{"line":58,"column":2}},"12":{"start":{"line":31,"column":36},"end":{"line":31,"column":44}},"13":{"start":{"line":33,"column":21},"end":{"line":33,"column":50}},"14":{"start":{"line":35,"column":2},"end":{"line":38,"column":3}},"15":{"start":{"line":36,"column":4},"end":{"line":36,"column":20}},"16":{"start":{"line":37,"column":4},"end":{"line":37,"column":43}},"17":{"start":{"line":40,"column":15},"end":{"line":44,"column":4}},"18":{"start":{"line":46,"column":2},"end":{"line":57,"column":3}},"19":{"start":{"line":47,"column":4},"end":{"line":47,"column":33}},"20":{"start":{"line":49,"column":4},"end":{"line":53,"column":7}},"21":{"start":{"line":55,"column":4},"end":{"line":55,"column":20}},"22":{"start":{"line":56,"column":4},"end":{"line":56,"column":41}},"23":{"start":{"line":63,"column":19},"end":{"line":69,"column":1}},"24":{"start":{"line":64,"column":2},"end":{"line":67,"column":5}},"25":{"start":{"line":68,"column":2},"end":{"line":68,"column":63}},"26":{"start":{"line":74,"column":23},"end":{"line":87,"column":2}},"27":{"start":{"line":75,"column":15},"end":{"line":75,"column":48}},"28":{"start":{"line":77,"column":2},"end":{"line":86,"column":3}},"29":{"start":{"line":78,"column":4},"end":{"line":82,"column":7}},"30":{"start":{"line":84,"column":4},"end":{"line":84,"column":20}},"31":{"start":{"line":85,"column":4},"end":{"line":85,"column":38}},"32":{"start":{"line":92,"column":26},"end":{"line":114,"column":2}},"33":{"start":{"line":93,"column":15},"end":{"line":93,"column":48}},"34":{"start":{"line":95,"column":2},"end":{"line":113,"column":3}},"35":{"start":{"line":96,"column":4},"end":{"line":96,"column":43}},"36":{"start":{"line":97,"column":4},"end":{"line":97,"column":46}},"37":{"start":{"line":99,"column":4},"end":{"line":101,"column":5}},"38":{"start":{"line":100,"column":6},"end":{"line":100,"column":40}},"39":{"start":{"line":103,"column":24},"end":{"line":103,"column":41}},"40":{"start":{"line":105,"column":4},"end":{"line":109,"column":7}},"41":{"start":{"line":111,"column":4},"end":{"line":111,"column":20}},"42":{"start":{"line":112,"column":4},"end":{"line":112,"column":38}},"43":{"start":{"line":117,"column":0},"end":{"line":123,"column":2}}},"fnMap":{"0":{"name":"(anonymous_0)","decl":{"start":{"line":8,"column":30},"end":{"line":8,"column":31}},"loc":{"start":{"line":8,"column":50},"end":{"line":25,"column":1}},"line":8},"1":{"name":"(anonymous_1)","decl":{"start":{"line":30,"column":34},"end":{"line":30,"column":35}},"loc":{"start":{"line":30,"column":54},"end":{"line":58,"column":1}},"line":30},"2":{"name":"(anonymous_2)","decl":{"start":{"line":63,"column":19},"end":{"line":63,"column":20}},"loc":{"start":{"line":63,"column":33},"end":{"line":69,"column":1}},"line":63},"3":{"name":"(anonymous_3)","decl":{"start":{"line":74,"column":36},"end":{"line":74,"column":37}},"loc":{"start":{"line":74,"column":56},"end":{"line":87,"column":1}},"line":74},"4":{"name":"(anonymous_4)","decl":{"start":{"line":92,"column":39},"end":{"line":92,"column":40}},"loc":{"start":{"line":92,"column":59},"end":{"line":114,"column":1}},"line":92}},"branchMap":{"0":{"loc":{"start":{"line":13,"column":2},"end":{"line":24,"column":3}},"type":"if","locations":[{"start":{"line":13,"column":2},"end":{"line":24,"column":3}},{"start":{"line":21,"column":9},"end":{"line":24,"column":3}}],"line":13},"1":{"loc":{"start":{"line":13,"column":6},"end":{"line":13,"column":50}},"type":"binary-expr","locations":[{"start":{"line":13,"column":6},"end":{"line":13,"column":10}},{"start":{"line":13,"column":15},"end":{"line":13,"column":49}}],"line":13},"2":{"loc":{"start":{"line":35,"column":2},"end":{"line":38,"column":3}},"type":"if","locations":[{"start":{"line":35,"column":2},"end":{"line":38,"column":3}},{"start":{},"end":{}}],"line":35},"3":{"loc":{"start":{"line":46,"column":2},"end":{"line":57,"column":3}},"type":"if","locations":[{"start":{"line":46,"column":2},"end":{"line":57,"column":3}},{"start":{"line":54,"column":9},"end":{"line":57,"column":3}}],"line":46},"4":{"loc":{"start":{"line":77,"column":2},"end":{"line":86,"column":3}},"type":"if","locations":[{"start":{"line":77,"column":2},"end":{"line":86,"column":3}},{"start":{"line":83,"column":9},"end":{"line":86,"column":3}}],"line":77},"5":{"loc":{"start":{"line":95,"column":2},"end":{"line":113,"column":3}},"type":"if","locations":[{"start":{"line":95,"column":2},"end":{"line":113,"column":3}},{"start":{"line":110,"column":9},"end":{"line":113,"column":3}}],"line":95},"6":{"loc":{"start":{"line":96,"column":16},"end":{"line":96,"column":42}},"type":"binary-expr","locations":[{"start":{"line":96,"column":16},"end":{"line":96,"column":29}},{"start":{"line":96,"column":33},"end":{"line":96,"column":42}}],"line":96},"7":{"loc":{"start":{"line":97,"column":17},"end":{"line":97,"column":45}},"type":"binary-expr","locations":[{"start":{"line":97,"column":17},"end":{"line":97,"column":31}},{"start":{"line":97,"column":35},"end":{"line":97,"column":45}}],"line":97},"8":{"loc":{"start":{"line":99,"column":4},"end":{"line":101,"column":5}},"type":"if","locations":[{"start":{"line":99,"column":4},"end":{"line":101,"column":5}},{"start":{},"end":{}}],"line":99}},"s":{"0":1,"1":1,"2":1,"3":1,"4":0,"5":0,"6":0,"7":0,"8":0,"9":0,"10":0,"11":1,"12":0,"13":0,"14":0,"15":0,"16":0,"17":0,"18":0,"19":0,"20":0,"21":0,"22":0,"23":1,"24":0,"25":0,"26":1,"27":0,"28":0,"29":0,"30":0,"31":0,"32":1,"33":0,"34":0,"35":0,"36":0,"37":0,"38":0,"39":0,"40":0,"41":0,"42":0,"43":1},"f":{"0":0,"1":0,"2":0,"3":0,"4":0},"b":{"0":[0,0],"1":[0,0],"2":[0,0],"3":[0,0],"4":[0,0],"5":[0,0],"6":[0,0],"7":[0,0],"8":[0,0]},"_coverageSchema":"1a1c01bbd47fc00a2c39e90264f33305004495a9","hash":"a33cff4f93b03fdcd29a24707d5e702a08a592ca"}
,"C:\\Users\\avnip\\Desktop\\Educational_App_server\\middleware\\authMiddleware.js": {"path":"C:\\Users\\avnip\\Desktop\\Educational_App_server\\middleware\\authMiddleware.js","statementMap":{"0":{"start":{"line":1,"column":12},"end":{"line":1,"column":36}},"1":{"start":{"line":2,"column":21},"end":{"line":2,"column":54}},"2":{"start":{"line":3,"column":13},"end":{"line":3,"column":48}},"3":{"start":{"line":5,"column":16},"end":{"line":26,"column":2}},"4":{"start":{"line":8,"column":2},"end":{"line":8,"column":26}},"5":{"start":{"line":10,"column":2},"end":{"line":25,"column":3}},"6":{"start":{"line":11,"column":4},"end":{"line":21,"column":5}},"7":{"start":{"line":12,"column":22},"end":{"line":12,"column":63}},"8":{"start":{"line":14,"column":6},"end":{"line":14,"column":73}},"9":{"start":{"line":16,"column":6},"end":{"line":16,"column":13}},"10":{"start":{"line":18,"column":6},"end":{"line":18,"column":27}},"11":{"start":{"line":19,"column":6},"end":{"line":19,"column":22}},"12":{"start":{"line":20,"column":6},"end":{"line":20,"column":54}},"13":{"start":{"line":23,"column":4},"end":{"line":23,"column":20}},"14":{"start":{"line":24,"column":4},"end":{"line":24,"column":48}},"15":{"start":{"line":28,"column":0},"end":{"line":28,"column":28}}},"fnMap":{"0":{"name":"(anonymous_0)","decl":{"start":{"line":5,"column":29},"end":{"line":5,"column":30}},"loc":{"start":{"line":5,"column":55},"end":{"line":26,"column":1}},"line":5}},"branchMap":{"0":{"loc":{"start":{"line":10,"column":2},"end":{"line":25,"column":3}},"type":"if","locations":[{"start":{"line":10,"column":2},"end":{"line":25,"column":3}},{"start":{"line":22,"column":9},"end":{"line":25,"column":3}}],"line":10}},"s":{"0":1,"1":1,"2":1,"3":1,"4":0,"5":0,"6":0,"7":0,"8":0,"9":0,"10":0,"11":0,"12":0,"13":0,"14":0,"15":1},"f":{"0":0},"b":{"0":[0,0]},"_coverageSchema":"1a1c01bbd47fc00a2c39e90264f33305004495a9","hash":"cfb2d71d083e127fefb224a243958a3cd6214f5d"}
,"C:\\Users\\avnip\\Desktop\\Educational_App_server\\middleware\\errorMiddleware.js": {"path":"C:\\Users\\avnip\\Desktop\\Educational_App_server\\middleware\\errorMiddleware.js","statementMap":{"0":{"start":{"line":1,"column":17},"end":{"line":5,"column":1}},"1":{"start":{"line":2,"column":16},"end":{"line":2,"column":59}},"2":{"start":{"line":3,"column":2},"end":{"line":3,"column":18}},"3":{"start":{"line":4,"column":2},"end":{"line":4,"column":14}},"4":{"start":{"line":7,"column":21},"end":{"line":21,"column":1}},"5":{"start":{"line":8,"column":19},"end":{"line":8,"column":64}},"6":{"start":{"line":9,"column":16},"end":{"line":9,"column":27}},"7":{"start":{"line":12,"column":2},"end":{"line":15,"column":3}},"8":{"start":{"line":13,"column":4},"end":{"line":13,"column":21}},"9":{"start":{"line":14,"column":4},"end":{"line":14,"column":35}},"10":{"start":{"line":17,"column":2},"end":{"line":20,"column":5}},"11":{"start":{"line":23,"column":0},"end":{"line":23,"column":43}}},"fnMap":{"0":{"name":"(anonymous_0)","decl":{"start":{"line":1,"column":17},"end":{"line":1,"column":18}},"loc":{"start":{"line":1,"column":37},"end":{"line":5,"column":1}},"line":1},"1":{"name":"(anonymous_1)","decl":{"start":{"line":7,"column":21},"end":{"line":7,"column":22}},"loc":{"start":{"line":7,"column":46},"end":{"line":21,"column":1}},"line":7}},"branchMap":{"0":{"loc":{"start":{"line":8,"column":19},"end":{"line":8,"column":64}},"type":"cond-expr","locations":[{"start":{"line":8,"column":44},"end":{"line":8,"column":47}},{"start":{"line":8,"column":50},"end":{"line":8,"column":64}}],"line":8},"1":{"loc":{"start":{"line":12,"column":2},"end":{"line":15,"column":3}},"type":"if","locations":[{"start":{"line":12,"column":2},"end":{"line":15,"column":3}},{"start":{},"end":{}}],"line":12},"2":{"loc":{"start":{"line":12,"column":6},"end":{"line":12,"column":57}},"type":"binary-expr","locations":[{"start":{"line":12,"column":6},"end":{"line":12,"column":30}},{"start":{"line":12,"column":34},"end":{"line":12,"column":57}}],"line":12},"3":{"loc":{"start":{"line":19,"column":11},"end":{"line":19,"column":67}},"type":"cond-expr","locations":[{"start":{"line":19,"column":51},"end":{"line":19,"column":55}},{"start":{"line":19,"column":58},"end":{"line":19,"column":67}}],"line":19}},"s":{"0":1,"1":0,"2":0,"3":0,"4":1,"5":0,"6":0,"7":0,"8":0,"9":0,"10":0,"11":1},"f":{"0":0,"1":0},"b":{"0":[0,0],"1":[0,0],"2":[0,0],"3":[0,0]},"_coverageSchema":"1a1c01bbd47fc00a2c39e90264f33305004495a9","hash":"e311bc2fc117a1b4a93b1e2690964fcb34e6b852"}
,"C:\\Users\\avnip\\Desktop\\Educational_App_server\\middleware\\logger.js": {"path":"C:\\Users\\avnip\\Desktop\\Educational_App_server\\middleware\\logger.js","statementMap":{"0":{"start":{"line":1,"column":15},"end":{"line":4,"column":3}},"1":{"start":{"line":2,"column":4},"end":{"line":2,"column":45}},"2":{"start":{"line":3,"column":4},"end":{"line":3,"column":11}},"3":{"start":{"line":6,"column":2},"end":{"line":6,"column":26}}},"fnMap":{"0":{"name":"(anonymous_0)","decl":{"start":{"line":1,"column":15},"end":{"line":1,"column":16}},"loc":{"start":{"line":1,"column":35},"end":{"line":4,"column":3}},"line":1}},"branchMap":{},"s":{"0":1,"1":0,"2":0,"3":1},"f":{"0":0},"b":{},"_coverageSchema":"1a1c01bbd47fc00a2c39e90264f33305004495a9","hash":"c91fb2e2488b76904596c1c37081bdd8ced6b507"}
,"C:\\Users\\avnip\\Desktop\\Educational_App_server\\models\\userModels.js": {"path":"C:\\Users\\avnip\\Desktop\\Educational_App_server\\models\\userModels.js","statementMap":{"0":{"start":{"line":1,"column":18},"end":{"line":1,"column":38}},"1":{"start":{"line":2,"column":15},"end":{"line":2,"column":35}},"2":{"start":{"line":4,"column":19},"end":{"line":23,"column":1}},"3":{"start":{"line":26,"column":0},"end":{"line":28,"column":2}},"4":{"start":{"line":27,"column":2},"end":{"line":27,"column":62}},"5":{"start":{"line":31,"column":0},"end":{"line":38,"column":3}},"6":{"start":{"line":32,"column":2},"end":{"line":34,"column":3}},"7":{"start":{"line":33,"column":4},"end":{"line":33,"column":11}},"8":{"start":{"line":36,"column":15},"end":{"line":36,"column":39}},"9":{"start":{"line":37,"column":2},"end":{"line":37,"column":57}},"10":{"start":{"line":40,"column":13},"end":{"line":40,"column":47}},"11":{"start":{"line":42,"column":0},"end":{"line":42,"column":22}}},"fnMap":{"0":{"name":"(anonymous_0)","decl":{"start":{"line":26,"column":35},"end":{"line":26,"column":36}},"loc":{"start":{"line":26,"column":68},"end":{"line":28,"column":1}},"line":26},"1":{"name":"(anonymous_1)","decl":{"start":{"line":31,"column":23},"end":{"line":31,"column":24}},"loc":{"start":{"line":31,"column":45},"end":{"line":38,"column":1}},"line":31}},"branchMap":{"0":{"loc":{"start":{"line":32,"column":2},"end":{"line":34,"column":3}},"type":"if","locations":[{"start":{"line":32,"column":2},"end":{"line":34,"column":3}},{"start":{},"end":{}}],"line":32}},"s":{"0":2,"1":2,"2":2,"3":2,"4":0,"5":2,"6":0,"7":0,"8":0,"9":0,"10":2,"11":2},"f":{"0":0,"1":0},"b":{"0":[0,0]},"_coverageSchema":"1a1c01bbd47fc00a2c39e90264f33305004495a9","hash":"5dcc6dfa695ccffe0d8b11958a31ec068641a439"}
,"C:\\Users\\avnip\\Desktop\\Educational_App_server\\routes\\categoryRoutes.js": {"path":"C:\\Users\\avnip\\Desktop\\Educational_App_server\\routes\\categoryRoutes.js","statementMap":{"0":{"start":{"line":1,"column":16},"end":{"line":1,"column":35}},"1":{"start":{"line":2,"column":15},"end":{"line":2,"column":31}},"2":{"start":{"line":7,"column":23},"end":{"line":7,"column":69}},"3":{"start":{"line":10,"column":5},"end":{"line":10,"column":36}},"4":{"start":{"line":13,"column":5},"end":{"line":13,"column":43}},"5":{"start":{"line":16,"column":5},"end":{"line":16,"column":38}},"6":{"start":{"line":19,"column":5},"end":{"line":19,"column":42}},"7":{"start":{"line":22,"column":5},"end":{"line":22,"column":43}},"8":{"start":{"line":24,"column":5},"end":{"line":24,"column":28}}},"fnMap":{},"branchMap":{},"s":{"0":1,"1":1,"2":1,"3":1,"4":1,"5":1,"6":1,"7":1,"8":1},"f":{},"b":{},"_coverageSchema":"1a1c01bbd47fc00a2c39e90264f33305004495a9","hash":"5aeba27af2e6615a6fedcad75421b3ccc5284421"}
,"C:\\Users\\avnip\\Desktop\\Educational_App_server\\routes\\userRoutes.js": {"path":"C:\\Users\\avnip\\Desktop\\Educational_App_server\\routes\\userRoutes.js","statementMap":{"0":{"start":{"line":1,"column":16},"end":{"line":1,"column":35}},"1":{"start":{"line":8,"column":4},"end":{"line":8,"column":49}},"2":{"start":{"line":9,"column":20},"end":{"line":9,"column":63}},"3":{"start":{"line":11,"column":15},"end":{"line":11,"column":31}},"4":{"start":{"line":13,"column":0},"end":{"line":13,"column":31}},"5":{"start":{"line":14,"column":0},"end":{"line":14,"column":31}},"6":{"start":{"line":15,"column":0},"end":{"line":15,"column":35}},"7":{"start":{"line":16,"column":0},"end":{"line":19,"column":35}},"8":{"start":{"line":21,"column":2},"end":{"line":21,"column":26}}},"fnMap":{},"branchMap":{},"s":{"0":1,"1":1,"2":1,"3":1,"4":1,"5":1,"6":1,"7":1,"8":1},"f":{},"b":{},"_coverageSchema":"1a1c01bbd47fc00a2c39e90264f33305004495a9","hash":"4bebc709701899d83f39025a3bebcfca3fa4f2ff"}
,"C:\\Users\\avnip\\Desktop\\Educational_App_server\\utils\\generateToken.js": {"path":"C:\\Users\\avnip\\Desktop\\Educational_App_server\\utils\\generateToken.js","statementMap":{"0":{"start":{"line":1,"column":11},"end":{"line":1,"column":36}},"1":{"start":{"line":3,"column":22},"end":{"line":14,"column":1}},"2":{"start":{"line":4,"column":16},"end":{"line":6,"column":4}},"3":{"start":{"line":8,"column":2},"end":{"line":13,"column":5}},"4":{"start":{"line":16,"column":0},"end":{"line":16,"column":31}}},"fnMap":{"0":{"name":"(anonymous_0)","decl":{"start":{"line":3,"column":22},"end":{"line":3,"column":23}},"loc":{"start":{"line":3,"column":39},"end":{"line":14,"column":1}},"line":3}},"branchMap":{},"s":{"0":1,"1":1,"2":0,"3":0,"4":1},"f":{"0":0},"b":{},"_coverageSchema":"1a1c01bbd47fc00a2c39e90264f33305004495a9","hash":"f654c7c1bcdeaae3bad46b239c773ec7d7fd90e5"}
}
