TN:
SF:app.js
FN:32,(anonymous_0)
FNF:1
FNH:0
FNDA:0,(anonymous_0)
DA:1,5
DA:2,5
DA:4,5
DA:5,5
DA:6,5
DA:7,5
DA:8,5
DA:10,5
DA:11,5
DA:12,5
DA:13,5
DA:14,5
DA:15,5
DA:16,5
DA:18,5
DA:19,5
DA:20,5
DA:21,5
DA:22,5
DA:23,5
DA:25,5
DA:26,5
DA:27,5
DA:28,5
DA:29,5
DA:30,5
DA:32,5
DA:33,0
DA:36,5
DA:37,5
DA:39,5
LF:31
LH:30
BRF:0
BRH:0
end_of_record
TN:
SF:config/db-setup.js
FN:7,(anonymous_0)
FNF:1
FNH:1
FNDA:5,(anonymous_0)
DA:1,5
DA:2,5
DA:4,5
DA:5,5
DA:7,5
DA:8,5
DA:9,5
DA:14,5
DA:16,0
DA:17,0
DA:20,5
DA:21,5
LF:12
LH:10
BRF:0
BRH:0
end_of_record
TN:
SF:controllers/Users.js
FN:8,(anonymous_0)
FN:31,(anonymous_1)
FN:64,(anonymous_2)
FN:75,(anonymous_3)
FN:93,(anonymous_4)
FNF:5
FNH:5
FNDA:2,(anonymous_0)
FNDA:2,(anonymous_1)
FNDA:1,(anonymous_2)
FNDA:2,(anonymous_3)
FNDA:3,(anonymous_4)
DA:1,5
DA:2,5
DA:3,5
DA:8,5
DA:9,2
DA:11,2
DA:13,2
DA:14,0
DA:16,0
DA:23,2
DA:24,2
DA:31,5
DA:32,2
DA:34,2
DA:36,2
DA:37,0
DA:38,0
DA:41,2
DA:47,2
DA:48,2
DA:50,2
DA:56,0
DA:57,0
DA:64,5
DA:65,1
DA:69,1
DA:75,5
DA:76,2
DA:78,1
DA:79,1
DA:85,0
DA:86,0
DA:93,5
DA:94,3
DA:96,2
DA:97,2
DA:98,2
DA:100,2
DA:101,1
DA:104,2
DA:106,2
DA:112,0
DA:113,0
DA:118,5
LF:44
LH:34
BRDA:13,0,0,0
BRDA:13,0,1,2
BRDA:13,1,0,2
BRDA:13,1,1,1
BRDA:36,2,0,0
BRDA:36,2,1,2
BRDA:47,3,0,2
BRDA:47,3,1,0
BRDA:78,4,0,1
BRDA:78,4,1,0
BRDA:96,5,0,2
BRDA:96,5,1,0
BRDA:97,6,0,2
BRDA:97,6,1,1
BRDA:98,7,0,2
BRDA:98,7,1,1
BRDA:100,8,0,1
BRDA:100,8,1,1
BRF:18
BRH:13
end_of_record
TN:
SF:controllers/bookmarks.js
FN:3,(anonymous_0)
FN:15,(anonymous_1)
FN:26,(anonymous_2)
FN:35,(anonymous_3)
FN:50,(anonymous_4)
FNF:5
FNH:0
FNDA:0,(anonymous_0)
FNDA:0,(anonymous_1)
FNDA:0,(anonymous_2)
FNDA:0,(anonymous_3)
FNDA:0,(anonymous_4)
DA:1,5
DA:3,5
DA:4,0
DA:5,0
DA:6,0
DA:7,0
DA:9,0
DA:11,0
DA:15,5
DA:16,0
DA:17,0
DA:18,0
DA:19,0
DA:21,0
DA:23,0
DA:26,5
DA:27,0
DA:28,0
DA:29,0
DA:30,0
DA:32,0
DA:35,5
DA:36,0
DA:37,0
DA:38,0
DA:42,0
DA:43,0
DA:45,0
DA:47,0
DA:50,5
DA:51,0
DA:52,0
DA:53,0
DA:54,0
DA:56,0
DA:58,0
DA:62,5
LF:37
LH:7
BRDA:6,0,0,0
BRDA:6,0,1,0
BRDA:18,1,0,0
BRDA:18,1,1,0
BRDA:42,2,0,0
BRDA:42,2,1,0
BRDA:53,3,0,0
BRDA:53,3,1,0
BRF:8
BRH:0
end_of_record
TN:
SF:controllers/cards.js
FN:3,(anonymous_0)
FN:15,(anonymous_1)
FN:28,(anonymous_2)
FN:44,(anonymous_3)
FN:61,(anonymous_4)
FNF:5
FNH:5
FNDA:1,(anonymous_0)
FNDA:2,(anonymous_1)
FNDA:2,(anonymous_2)
FNDA:2,(anonymous_3)
FNDA:2,(anonymous_4)
DA:1,5
DA:3,5
DA:4,1
DA:5,1
DA:6,1
DA:7,0
DA:9,1
DA:11,0
DA:15,5
DA:16,2
DA:17,2
DA:18,2
DA:19,1
DA:20,0
DA:22,1
DA:24,1
DA:28,5
DA:29,2
DA:30,2
DA:31,2
DA:38,1
DA:40,1
DA:44,5
DA:45,2
DA:46,2
DA:47,2
DA:48,2
DA:53,1
DA:54,0
DA:56,1
DA:58,1
DA:61,5
DA:62,2
DA:63,2
DA:64,1
DA:65,0
DA:67,1
DA:69,1
DA:73,5
LF:39
LH:34
BRDA:6,0,0,0
BRDA:6,0,1,1
BRDA:19,1,0,0
BRDA:19,1,1,1
BRDA:53,2,0,0
BRDA:53,2,1,1
BRDA:64,3,0,0
BRDA:64,3,1,1
BRF:8
BRH:4
end_of_record
TN:
SF:controllers/categories.js
FN:3,(anonymous_0)
FN:12,(anonymous_1)
FN:23,(anonymous_2)
FN:33,(anonymous_3)
FN:47,(anonymous_4)
FNF:5
FNH:5
FNDA:1,(anonymous_0)
FNDA:2,(anonymous_1)
FNDA:2,(anonymous_2)
FNDA:2,(anonymous_3)
FNDA:2,(anonymous_4)
DA:1,5
DA:3,5
DA:4,1
DA:5,1
DA:6,1
DA:8,0
DA:12,5
DA:13,2
DA:14,2
DA:15,1
DA:16,0
DA:18,1
DA:20,1
DA:23,5
DA:24,2
DA:25,2
DA:27,2
DA:28,1
DA:30,1
DA:33,5
DA:34,2
DA:35,2
DA:36,2
DA:37,1
DA:38,0
DA:40,1
DA:41,1
DA:42,1
DA:44,1
DA:47,5
DA:48,2
DA:49,2
DA:50,1
DA:51,0
DA:54,1
DA:56,1
DA:60,5
LF:37
LH:33
BRDA:15,0,0,0
BRDA:15,0,1,1
BRDA:37,1,0,0
BRDA:37,1,1,1
BRDA:50,2,0,0
BRDA:50,2,1,1
BRF:6
BRH:3
end_of_record
TN:
SF:controllers/decks.js
FN:3,(anonymous_0)
FN:12,(anonymous_1)
FN:21,(anonymous_2)
FN:39,(anonymous_3)
FN:48,(anonymous_4)
FNF:5
FNH:0
FNDA:0,(anonymous_0)
FNDA:0,(anonymous_1)
FNDA:0,(anonymous_2)
FNDA:0,(anonymous_3)
FNDA:0,(anonymous_4)
DA:1,5
DA:3,5
DA:4,0
DA:5,0
DA:6,0
DA:8,0
DA:12,5
DA:13,0
DA:14,0
DA:15,0
DA:17,0
DA:21,5
DA:23,0
DA:24,0
DA:25,0
DA:33,0
DA:35,0
DA:39,5
DA:40,0
DA:41,0
DA:42,0
DA:44,0
DA:48,5
DA:49,0
DA:50,0
DA:51,0
DA:53,0
DA:57,5
LF:28
LH:7
BRF:0
BRH:0
end_of_record
TN:
SF:controllers/progress.js
FN:3,(anonymous_0)
FN:15,(anonymous_1)
FN:26,(anonymous_2)
FN:53,(anonymous_3)
FN:90,(anonymous_4)
FNF:5
FNH:0
FNDA:0,(anonymous_0)
FNDA:0,(anonymous_1)
FNDA:0,(anonymous_2)
FNDA:0,(anonymous_3)
FNDA:0,(anonymous_4)
DA:1,5
DA:3,5
DA:4,0
DA:5,0
DA:6,0
DA:7,0
DA:9,0
DA:11,0
DA:15,5
DA:16,0
DA:17,0
DA:18,0
DA:19,0
DA:21,0
DA:23,0
DA:26,5
DA:36,0
DA:37,0
DA:38,0
DA:48,0
DA:50,0
DA:53,5
DA:54,0
DA:64,0
DA:65,0
DA:81,0
DA:82,0
DA:84,0
DA:86,0
DA:90,5
DA:91,0
DA:92,0
DA:93,0
DA:94,0
DA:96,0
DA:98,0
DA:102,5
LF:37
LH:7
BRDA:6,0,0,0
BRDA:6,0,1,0
BRDA:18,1,0,0
BRDA:18,1,1,0
BRDA:81,2,0,0
BRDA:81,2,1,0
BRDA:93,3,0,0
BRDA:93,3,1,0
BRF:8
BRH:0
end_of_record
TN:
SF:middleware/authMiddleware.js
FN:6,(anonymous_0)
FNF:1
FNH:1
FNDA:5,(anonymous_0)
DA:1,5
DA:2,5
DA:4,5
DA:6,5
DA:9,5
DA:11,5
DA:12,5
DA:13,5
DA:15,5
DA:17,5
DA:19,0
DA:20,0
DA:21,0
DA:24,0
DA:25,0
DA:29,5
LF:16
LH:11
BRDA:11,0,0,5
BRDA:11,0,1,0
BRF:2
BRH:1
end_of_record
TN:
SF:middleware/errorMiddleware.js
FN:1,(anonymous_0)
FN:7,(anonymous_1)
FNF:2
FNH:2
FNDA:2,(anonymous_0)
FNDA:6,(anonymous_1)
DA:1,5
DA:2,2
DA:3,2
DA:4,2
DA:7,5
DA:8,6
DA:9,6
DA:12,6
DA:13,0
DA:14,0
DA:17,6
DA:23,5
LF:12
LH:10
BRDA:8,0,0,2
BRDA:8,0,1,4
BRDA:12,1,0,0
BRDA:12,1,1,6
BRDA:12,2,0,6
BRDA:12,2,1,0
BRDA:19,3,0,0
BRDA:19,3,1,6
BRF:8
BRH:5
end_of_record
TN:
SF:middleware/logger.js
FN:1,(anonymous_0)
FNF:1
FNH:1
FNDA:30,(anonymous_0)
DA:1,5
DA:2,30
DA:3,30
DA:6,5
LF:4
LH:4
BRF:0
BRH:0
end_of_record
TN:
SF:models/Bookmarks.js
FNF:0
FNH:0
DA:1,5
DA:3,5
DA:20,5
DA:22,5
LF:4
LH:4
BRF:0
BRH:0
end_of_record
TN:
SF:models/Cards.js
FNF:0
FNH:0
DA:1,5
DA:3,5
DA:29,5
DA:31,5
LF:4
LH:4
BRF:0
BRH:0
end_of_record
TN:
SF:models/Categories.js
FNF:0
FNH:0
DA:1,5
DA:3,5
DA:10,5
DA:12,5
LF:4
LH:4
BRF:0
BRH:0
end_of_record
TN:
SF:models/Decks.js
FNF:0
FNH:0
DA:1,6
DA:3,6
DA:30,6
DA:32,6
LF:4
LH:4
BRF:0
BRH:0
end_of_record
TN:
SF:models/Progress.js
FNF:0
FNH:0
DA:1,5
DA:3,5
DA:48,5
DA:50,5
LF:4
LH:4
BRF:0
BRH:0
end_of_record
TN:
SF:models/Users.js
FN:26,(anonymous_0)
FN:31,(anonymous_1)
FNF:2
FNH:2
FNDA:3,(anonymous_0)
FNDA:19,(anonymous_1)
DA:1,5
DA:2,5
DA:4,5
DA:26,5
DA:27,3
DA:31,5
DA:32,19
DA:33,1
DA:36,19
DA:37,19
DA:40,5
DA:42,5
LF:12
LH:12
BRDA:32,0,0,1
BRDA:32,0,1,18
BRF:2
BRH:2
end_of_record
TN:
SF:routes/Categories.js
FNF:0
FNH:0
DA:1,5
DA:2,5
DA:7,5
DA:10,5
DA:13,5
DA:16,5
DA:19,5
DA:22,5
DA:24,5
LF:9
LH:9
BRF:0
BRH:0
end_of_record
TN:
SF:routes/Users.js
FNF:0
FNH:0
DA:1,5
DA:8,5
DA:9,5
DA:11,5
DA:13,5
DA:14,5
DA:15,5
DA:16,5
DA:21,5
LF:9
LH:9
BRF:0
BRH:0
end_of_record
TN:
SF:routes/bookmarks.js
FNF:0
FNH:0
DA:1,5
DA:7,5
DA:9,5
DA:11,5
DA:12,5
DA:13,5
DA:14,5
DA:15,5
DA:17,5
LF:9
LH:9
BRF:0
BRH:0
end_of_record
TN:
SF:routes/cards.js
FNF:0
FNH:0
DA:1,5
DA:9,5
DA:11,5
DA:13,5
DA:14,5
DA:15,5
DA:16,5
DA:17,5
DA:19,5
LF:9
LH:9
BRF:0
BRH:0
end_of_record
TN:
SF:routes/decks.js
FNF:0
FNH:0
DA:1,5
DA:8,5
DA:10,5
DA:12,5
DA:13,5
DA:14,5
DA:15,5
DA:16,5
DA:18,5
LF:9
LH:9
BRF:0
BRH:0
end_of_record
TN:
SF:routes/progress.js
FNF:0
FNH:0
DA:1,5
DA:8,5
DA:10,5
DA:12,5
DA:13,5
DA:14,5
DA:15,5
DA:16,5
DA:18,5
LF:9
LH:9
BRF:0
BRH:0
end_of_record
TN:
SF:utils/generateToken.js
FN:3,(anonymous_0)
FNF:1
FNH:1
FNDA:2,(anonymous_0)
DA:1,5
DA:3,5
DA:4,2
DA:8,2
DA:16,5
LF:5
LH:5
BRF:0
BRH:0
end_of_record
